<?xml version="1.0" encoding="UTF-8"?>
<!-- Generated by org.testng.reporters.JUnitReportReporter -->
<testsuite hostname="DESKTOP-BFRHE07" failures="0" tests="1" name="practiceSDETdemo.DemoPractice1" time="0.016" errors="0" timestamp="2021-12-10T18:53:13 IST" skipped="0">
  <testcase classname="practiceSDETdemo.DemoPractice1" name="Demo1" time="0.016"/>
  <system-out/>
</testsuite> <!-- practiceSDETdemo.DemoPractice1 -->
